[10:01:34] [Server thread/INFO]: Starting minecraft server version 1.7.10
[10:01:50] [Server thread/INFO]: Loading properties
[10:01:50] [Server thread/INFO]: Default game type: SURVIVAL
[10:01:50] [Server thread/INFO]: Generating keypair
[10:01:50] [Server thread/INFO]: Starting Minecraft server on *:25565
[10:01:52] [Server thread/WARN]: Failed to load user banlist: 
java.io.FileNotFoundException: banned-players.json (The system cannot find the file specified)
	at java.io.FileInputStream.open0(Native Method) ~[?:1.8.0_121]
	at java.io.FileInputStream.open(FileInputStream.java:195) ~[?:1.8.0_121]
	at java.io.FileInputStream.<init>(FileInputStream.java:138) ~[?:1.8.0_121]
	at com.google.common.io.Files.newReader(Files.java:86) ~[guava-17.0.jar:?]
	at net.minecraft.server.management.UserList.func_152679_g(UserList.java:195) ~[UserList.class:?]
	at net.minecraft.server.dedicated.DedicatedPlayerList.func_152620_y(DedicatedPlayerList.java:124) [DedicatedPlayerList.class:?]
	at net.minecraft.server.dedicated.DedicatedPlayerList.<init>(DedicatedPlayerList.java:31) [DedicatedPlayerList.class:?]
	at net.minecraft.server.dedicated.DedicatedServer.startServer(DedicatedServer.java:214) [DedicatedServer.class:?]
	at net.minecraft.server.MinecraftServer.run(MinecraftServer.java:445) [MinecraftServer.class:?]
	at net.minecraft.server.MinecraftServer$2.run(MinecraftServer.java:752) [MinecraftServer$2.class:?]
[10:01:52] [Server thread/WARN]: Failed to load ip banlist: 
java.io.FileNotFoundException: banned-ips.json (The system cannot find the file specified)
	at java.io.FileInputStream.open0(Native Method) ~[?:1.8.0_121]
	at java.io.FileInputStream.open(FileInputStream.java:195) ~[?:1.8.0_121]
	at java.io.FileInputStream.<init>(FileInputStream.java:138) ~[?:1.8.0_121]
	at com.google.common.io.Files.newReader(Files.java:86) ~[guava-17.0.jar:?]
	at net.minecraft.server.management.UserList.func_152679_g(UserList.java:195) ~[UserList.class:?]
	at net.minecraft.server.dedicated.DedicatedPlayerList.func_152619_x(DedicatedPlayerList.java:112) [DedicatedPlayerList.class:?]
	at net.minecraft.server.dedicated.DedicatedPlayerList.<init>(DedicatedPlayerList.java:33) [DedicatedPlayerList.class:?]
	at net.minecraft.server.dedicated.DedicatedServer.startServer(DedicatedServer.java:214) [DedicatedServer.class:?]
	at net.minecraft.server.MinecraftServer.run(MinecraftServer.java:445) [MinecraftServer.class:?]
	at net.minecraft.server.MinecraftServer$2.run(MinecraftServer.java:752) [MinecraftServer$2.class:?]
[10:01:52] [Server thread/WARN]: Failed to load operators list: 
java.io.FileNotFoundException: ops.json (The system cannot find the file specified)
	at java.io.FileInputStream.open0(Native Method) ~[?:1.8.0_121]
	at java.io.FileInputStream.open(FileInputStream.java:195) ~[?:1.8.0_121]
	at java.io.FileInputStream.<init>(FileInputStream.java:138) ~[?:1.8.0_121]
	at com.google.common.io.Files.newReader(Files.java:86) ~[guava-17.0.jar:?]
	at net.minecraft.server.management.UserList.func_152679_g(UserList.java:195) ~[UserList.class:?]
	at net.minecraft.server.dedicated.DedicatedPlayerList.loadOpsList(DedicatedPlayerList.java:136) [DedicatedPlayerList.class:?]
	at net.minecraft.server.dedicated.DedicatedPlayerList.<init>(DedicatedPlayerList.java:35) [DedicatedPlayerList.class:?]
	at net.minecraft.server.dedicated.DedicatedServer.startServer(DedicatedServer.java:214) [DedicatedServer.class:?]
	at net.minecraft.server.MinecraftServer.run(MinecraftServer.java:445) [MinecraftServer.class:?]
	at net.minecraft.server.MinecraftServer$2.run(MinecraftServer.java:752) [MinecraftServer$2.class:?]
[10:01:52] [Server thread/WARN]: Failed to load white-list: 
java.io.FileNotFoundException: whitelist.json (The system cannot find the file specified)
	at java.io.FileInputStream.open0(Native Method) ~[?:1.8.0_121]
	at java.io.FileInputStream.open(FileInputStream.java:195) ~[?:1.8.0_121]
	at java.io.FileInputStream.<init>(FileInputStream.java:138) ~[?:1.8.0_121]
	at com.google.common.io.Files.newReader(Files.java:86) ~[guava-17.0.jar:?]
	at net.minecraft.server.management.UserList.func_152679_g(UserList.java:195) ~[UserList.class:?]
	at net.minecraft.server.dedicated.DedicatedPlayerList.readWhiteList(DedicatedPlayerList.java:160) [DedicatedPlayerList.class:?]
	at net.minecraft.server.dedicated.DedicatedPlayerList.<init>(DedicatedPlayerList.java:36) [DedicatedPlayerList.class:?]
	at net.minecraft.server.dedicated.DedicatedServer.startServer(DedicatedServer.java:214) [DedicatedServer.class:?]
	at net.minecraft.server.MinecraftServer.run(MinecraftServer.java:445) [MinecraftServer.class:?]
	at net.minecraft.server.MinecraftServer$2.run(MinecraftServer.java:752) [MinecraftServer$2.class:?]
[10:01:52] [Server thread/INFO]: Preparing level "world"
[10:01:57] [Server thread/INFO]: Preparing start region for level 0
[10:01:58] [Server thread/INFO]: Preparing spawn area: 2%
[10:02:00] [Server thread/INFO]: Preparing spawn area: 4%
[10:02:01] [Server thread/INFO]: Preparing spawn area: 5%
[10:02:02] [Server thread/INFO]: Preparing spawn area: 7%
[10:02:03] [Server thread/INFO]: Preparing spawn area: 8%
[10:02:04] [Server thread/INFO]: Preparing spawn area: 11%
[10:02:05] [Server thread/INFO]: Preparing spawn area: 15%
[10:02:06] [Server thread/INFO]: Preparing spawn area: 19%
[10:02:07] [Server thread/INFO]: Preparing spawn area: 24%
[10:02:08] [Server thread/INFO]: Preparing spawn area: 31%
[10:02:09] [Server thread/INFO]: Preparing spawn area: 37%
[10:02:10] [Server thread/INFO]: Preparing spawn area: 40%
[10:02:11] [Server thread/INFO]: Preparing spawn area: 42%
[10:02:13] [Server thread/INFO]: Preparing spawn area: 45%
[10:02:14] [Server thread/INFO]: Preparing spawn area: 49%
[10:02:15] [Server thread/INFO]: Preparing spawn area: 53%
[10:02:16] [Server thread/INFO]: Preparing spawn [10:02:20] [Client thread/INFO]: LWJGL Version: 2.9.1
[10:02:44] [Client thread/INFO]: Reloading ResourceManager: Default, FMLFileResourcePack:Forge Mod Loader, FMLFileResourcePack:Minecraft Forge, FMLFileResourcePack:Trade Signs
[10:02:45] [Sound Library Loader/INFO]: Sound engine started
[10:02:49] [Client thread/INFO]: Created: 16x16 textures/blocks-atlas
[10:02:49] [Client thread/INFO]: Created: 16x16 textures/items-atlas
[10:02:50] [Client thread/INFO]: Reloading ResourceManager: Default, FMLFileResourcePack:Forge Mod Loader, FMLFileResourcePack:Minecraft Forge, FMLFileResourcePack:Trade Signs
[10:02:51] [Client thread/INFO]: Created: 512x256 textures/blocks-atlas
[10:02:51] [Client thread/INFO]: C[10:03:13] [Server thread/INFO]: com.mojang.authlib.GameProfile@6cc9ab4a[id=<null>,name=Player618,properties={},legacy=false] (/127.0.0.1:6699) lost connection: Disc[10:03:20][10:04:40] [Server thread/INFO]: com.mojang.authlib.GameProfile@9de1854[id=<null>,name=Player18,properties={},legacy=false] (/127.0.0.1:6850) lost connection: Disconnected
oading ResourceManager: Default, FMLFileResourcePack:Forge Mod Loader, FMLFileResourcePack:Minecraft Forge, FMLFileResourcePack:Trade Signs
[10:04:01] [Sound Library Loader/INFO]: Sound engine started
[10:04:06] [Client thread/INFO]: Created: 16x16 textures/blocks-atlas
[10:04:06] [Client thread/INFO]: Created: 16x16 textures/items-atlas
[10:04:06] [Client thread/INFO]: Reloading ResourceManager: Default, FMLFileResourcePack:Forge Mod Loader, FMLFileResourcePack:Minecraft Forge, FMLFileResourcePack:Trade Signs
[10:04:07] [Client thread/INFO]: Created: 512x256 textures/blocks-atlas
[10:04:08] [Client thread/INFO]: Created: 256x256 textures/items-atlas
[10:04:08] [Sound Library Loader/INFO]: Sound engine started
[10:04:38] [Client thread/INFO]: Connecting to localhost, 25565
[10:04:44] [Client thread/INFO]: Stopping!
[10:07:04] [main/INFO]: Logging in with username & password
